0 verbose cli C:\Program Files\nodejs\node.exe C:\Program Files\nodejs\node_modules\npm\bin\npm-cli.js
1 info using npm@11.6.2
2 info using node@v24.11.1
3 silly config load:file:C:\Program Files\nodejs\node_modules\npm\npmrc
4 silly config load:file:C:\Users\guiil\Desktop\whitelist\apps\api\.npmrc
5 silly config load:file:C:\Users\guiil\.npmrc
6 silly config load:file:C:\Users\guiil\AppData\Roaming\npm\etc\npmrc
7 verbose title npm install discord.js@14.16.3
8 verbose argv "install" "discord.js@14.16.3" "--cache" ".npm-cache"
9 verbose logfile logs-max:10 dir:C:\Users\guiil\Desktop\whitelist\apps\api\.npm-cache\_logs\2026-03-18T08_03_30_678Z-
10 verbose logfile C:\Users\guiil\Desktop\whitelist\apps\api\.npm-cache\_logs\2026-03-18T08_03_30_678Z-debug-0.log
11 silly logfile done cleaning log files
12 silly packumentCache heap:2348810240 maxSize:587202560 maxEntrySize:293601280
13 silly idealTree buildDeps
14 silly fetch manifest discord.js@14.16.3
15 silly packumentCache full:https://registry.npmjs.org/discord.js cache-miss
16 http fetch GET 200 https://registry.npmjs.org/discord.js 879ms (cache miss)
17 silly packumentCache full:https://registry.npmjs.org/discord.js set size:undefined disposed:false
18 silly placeDep ROOT discord.js@14.16.3 OK for: whitelist-api@1.0.0 want: 14.16.3
19 silly fetch manifest tslib@^2.6.3
20 silly packumentCache full:https://registry.npmjs.org/tslib cache-miss
21 silly fetch manifest undici@6.19.8
22 silly packumentCache full:https://registry.npmjs.org/undici cache-miss
23 silly fetch manifest @discordjs/ws@1.1.1
24 silly packumentCache full:https://registry.npmjs.org/@discordjs%2fws cache-miss
25 silly fetch manifest @discordjs/rest@^2.4.0
26 silly packumentCache full:https://registry.npmjs.org/@discordjs%2frest cache-miss
27 silly fetch manifest @discordjs/util@^1.1.1
28 silly packumentCache full:https://registry.npmjs.org/@discordjs%2futil cache-miss
29 silly fetch manifest fast-deep-equal@3.1.3
30 silly packumentCache full:https://registry.npmjs.org/fast-deep-equal cache-miss
31 silly fetch manifest lodash.snakecase@4.1.1
32 silly packumentCache full:https://registry.npmjs.org/lodash.snakecase cache-miss
33 silly fetch manifest discord-api-types@0.37.100
34 silly packumentCache full:https://registry.npmjs.org/discord-api-types cache-miss
35 silly fetch manifest @discordjs/builders@^1.9.0
36 silly packumentCache full:https://registry.npmjs.org/@discordjs%2fbuilders cache-miss
37 silly fetch manifest @sapphire/snowflake@3.5.3
38 silly packumentCache full:https://registry.npmjs.org/@sapphire%2fsnowflake cache-miss
39 silly fetch manifest @discordjs/collection@1.5.3
40 silly packumentCache full:https://registry.npmjs.org/@discordjs%2fcollection cache-miss
41 http fetch GET 200 https://registry.npmjs.org/tslib 116ms (cache miss)
42 silly packumentCache full:https://registry.npmjs.org/tslib set size:undefined disposed:false
43 silly fetch manifest @discordjs/formatters@^0.5.0
44 silly packumentCache full:https://registry.npmjs.org/@discordjs%2fformatters cache-miss
45 http fetch GET 200 https://registry.npmjs.org/lodash.snakecase 190ms (cache miss)
46 silly packumentCache full:https://registry.npmjs.org/lodash.snakecase set size:undefined disposed:false
47 http fetch GET 200 https://registry.npmjs.org/fast-deep-equal 198ms (cache miss)
48 silly packumentCache full:https://registry.npmjs.org/fast-deep-equal set size:undefined disposed:false
49 http fetch GET 200 https://registry.npmjs.org/undici 479ms (cache miss)
50 silly packumentCache full:https://registry.npmjs.org/undici set size:undefined disposed:false
51 http fetch GET 200 https://registry.npmjs.org/@discordjs%2fformatters 1856ms (cache miss)
52 silly packumentCache full:https://registry.npmjs.org/@discordjs%2fformatters set size:undefined disposed:false
53 http fetch GET 200 https://registry.npmjs.org/@sapphire%2fsnowflake 2605ms (cache miss)
54 silly packumentCache full:https://registry.npmjs.org/@sapphire%2fsnowflake set size:undefined disposed:false
55 http fetch GET 200 https://registry.npmjs.org/@discordjs%2fws 2999ms (cache miss)
56 silly packumentCache full:https://registry.npmjs.org/@discordjs%2fws set size:undefined disposed:false
57 http fetch GET 200 https://registry.npmjs.org/@discordjs%2fcollection 3092ms (cache miss)
58 silly packumentCache full:https://registry.npmjs.org/@discordjs%2fcollection set size:undefined disposed:false
59 http fetch GET 200 https://registry.npmjs.org/@discordjs%2fbuilders 3138ms (cache miss)
60 silly packumentCache full:https://registry.npmjs.org/@discordjs%2fbuilders set size:undefined disposed:false
61 http fetch GET 200 https://registry.npmjs.org/@discordjs%2frest 3263ms (cache miss)
62 silly packumentCache full:https://registry.npmjs.org/@discordjs%2frest set size:undefined disposed:false
63 http fetch GET 200 https://registry.npmjs.org/discord-api-types 3365ms (cache miss)
64 silly packumentCache full:https://registry.npmjs.org/discord-api-types set size:undefined disposed:false
65 http fetch GET 200 https://registry.npmjs.org/@discordjs%2futil 6652ms (cache miss)
66 silly packumentCache full:https://registry.npmjs.org/@discordjs%2futil set size:undefined disposed:false
67 silly placeDep ROOT @discordjs/builders@1.13.1 OK for: discord.js@14.16.3 want: ^1.9.0
68 silly placeDep ROOT @discordjs/collection@1.5.3 OK for: discord.js@14.16.3 want: 1.5.3
69 silly placeDep ROOT @discordjs/formatters@0.5.0 OK for: discord.js@14.16.3 want: ^0.5.0
70 silly placeDep ROOT @discordjs/rest@2.6.0 OK for: discord.js@14.16.3 want: ^2.4.0
71 silly placeDep ROOT @discordjs/util@1.2.0 OK for: discord.js@14.16.3 want: ^1.1.1
72 silly placeDep ROOT @discordjs/ws@1.1.1 OK for: discord.js@14.16.3 want: 1.1.1
73 silly placeDep ROOT @sapphire/snowflake@3.5.3 OK for: discord.js@14.16.3 want: 3.5.3
74 silly placeDep ROOT discord-api-types@0.37.100 OK for: discord.js@14.16.3 want: 0.37.100
75 silly placeDep ROOT fast-deep-equal@3.1.3 OK for: discord.js@14.16.3 want: 3.1.3
76 silly placeDep ROOT lodash.snakecase@4.1.1 OK for: discord.js@14.16.3 want: 4.1.1
77 silly placeDep ROOT tslib@2.8.1 OK for: discord.js@14.16.3 want: ^2.6.3
78 silly placeDep ROOT undici@6.19.8 OK for: discord.js@14.16.3 want: 6.19.8
79 silly fetch manifest ts-mixer@^6.0.4
80 silly packumentCache full:https://registry.npmjs.org/ts-mixer cache-miss
81 silly fetch manifest @discordjs/util@^1.2.0
82 silly packumentCache full:https://registry.npmjs.org/@discordjs%2futil cache-miss
83 silly fetch manifest fast-deep-equal@^3.1.3
84 silly packumentCache full:https://registry.npmjs.org/fast-deep-equal cache-miss
85 silly fetch manifest discord-api-types@^0.38.33
86 silly packumentCache full:https://registry.npmjs.org/discord-api-types cache-miss
87 silly fetch manifest @sapphire/shapeshift@^4.0.0
88 silly packumentCache full:https://registry.npmjs.org/@sapphire%2fshapeshift cache-miss
89 silly fetch manifest @discordjs/formatters@^0.6.2
90 silly packumentCache full:https://registry.npmjs.org/@discordjs%2fformatters cache-miss
91 silly fetch manifest discord-api-types@0.37.97
92 silly packumentCache full:https://registry.npmjs.org/discord-api-types cache-miss
93 silly fetch manifest undici@6.21.3
94 silly packumentCache full:https://registry.npmjs.org/undici cache-miss
95 silly fetch manifest magic-bytes.js@^1.10.0
96 silly packumentCache full:https://registry.npmjs.org/magic-bytes.js cache-miss
97 silly fetch manifest discord-api-types@^0.38.16
98 silly packumentCache full:https://registry.npmjs.org/discord-api-types cache-miss
99 silly fetch manifest @sapphire/snowflake@^3.5.3
100 silly packumentCache full:https://registry.npmjs.org/@sapphire%2fsnowflake cache-miss
101 http cache https://registry.npmjs.org/@discordjs%2futil 53ms (cache hit)
102 silly packumentCache full:https://registry.npmjs.org/@discordjs%2futil set size:4366645 disposed:false
103 silly fetch manifest @discordjs/collection@^2.1.1
104 silly packumentCache full:https://registry.npmjs.org/@discordjs%2fcollection cache-miss
105 http cache https://registry.npmjs.org/discord-api-types 93ms (cache hit)
106 silly packumentCache full:https://registry.npmjs.org/discord-api-types set size:7843354 disposed:false
107 silly fetch manifest @sapphire/async-queue@^1.5.3
108 silly packumentCache full:https://registry.npmjs.org/@sapphire%2fasync-queue cache-miss
109 http cache https://registry.npmjs.org/undici 138ms (cache hit)
110 silly packumentCache full:https://registry.npmjs.org/undici set size:1324472 disposed:false
111 silly fetch manifest @vladfrangu/async_event_emitter@^2.4.6
112 silly packumentCache full:https://registry.npmjs.org/@vladfrangu%2fasync_event_emitter cache-miss
113 http cache https://registry.npmjs.org/fast-deep-equal 155ms (cache hit)
114 silly packumentCache full:https://registry.npmjs.org/fast-deep-equal set size:48634 disposed:false
115 silly fetch manifest ws@^8.16.0
116 silly packumentCache full:https://registry.npmjs.org/ws cache-miss
117 http cache https://registry.npmjs.org/discord-api-types 168ms (cache hit)
118 silly packumentCache full:https://registry.npmjs.org/discord-api-types set size:7843354 disposed:false
119 silly fetch manifest tslib@^2.6.2
120 silly packumentCache full:https://registry.npmjs.org/tslib cache-miss
121 http cache https://registry.npmjs.org/discord-api-types 257ms (cache hit)
122 silly packumentCache full:https://registry.npmjs.org/discord-api-types set size:7843354 disposed:false
123 silly fetch manifest @types/ws@^8.5.10
124 silly packumentCache full:https://registry.npmjs.org/@types%2fws cache-miss
125 http cache https://registry.npmjs.org/@discordjs%2fformatters 309ms (cache hit)
126 silly packumentCache full:https://registry.npmjs.org/@discordjs%2fformatters set size:3910016 disposed:false
127 silly fetch manifest discord-api-types@0.37.83
128 silly packumentCache full:https://registry.npmjs.org/discord-api-types cache-miss
129 http cache https://registry.npmjs.org/@sapphire%2fsnowflake 334ms (cache hit)
130 silly packumentCache full:https://registry.npmjs.org/@sapphire%2fsnowflake set size:3056270 disposed:false
131 silly fetch manifest @discordjs/collection@^2.1.0
132 silly packumentCache full:https://registry.npmjs.org/@discordjs%2fcollection cache-miss
133 http cache https://registry.npmjs.org/@discordjs%2fcollection 336ms (cache hit)
134 silly packumentCache full:https://registry.npmjs.org/@discordjs%2fcollection set size:5563984 disposed:false
135 silly fetch manifest @sapphire/async-queue@^1.5.2
136 silly packumentCache full:https://registry.npmjs.org/@sapphire%2fasync-queue cache-miss
137 http cache https://registry.npmjs.org/discord-api-types 139ms (cache hit)
138 silly packumentCache full:https://registry.npmjs.org/discord-api-types set size:7843354 disposed:false
139 silly fetch manifest @vladfrangu/async_event_emitter@^2.2.4
140 silly packumentCache full:https://registry.npmjs.org/@vladfrangu%2fasync_event_emitter cache-miss
141 http cache https://registry.npmjs.org/tslib 281ms (cache hit)
142 silly packumentCache full:https://registry.npmjs.org/tslib set size:108760 disposed:false
143 http cache https://registry.npmjs.org/@discordjs%2fcollection 188ms (cache hit)
144 silly packumentCache full:https://registry.npmjs.org/@discordjs%2fcollection set size:5563984 disposed:false
145 http fetch GET 200 https://registry.npmjs.org/magic-bytes.js 595ms (cache miss)
146 silly packumentCache full:https://registry.npmjs.org/magic-bytes.js set size:undefined disposed:false
147 http fetch GET 200 https://registry.npmjs.org/ts-mixer 606ms (cache miss)
148 silly packumentCache full:https://registry.npmjs.org/ts-mixer set size:undefined disposed:false
149 http fetch GET 200 https://registry.npmjs.org/@types%2fws 309ms (cache miss)
150 silly packumentCache full:https://registry.npmjs.org/@types%2fws set size:undefined disposed:false
151 http fetch GET 200 https://registry.npmjs.org/@sapphire%2fshapeshift 634ms (cache miss)
152 silly packumentCache full:https://registry.npmjs.org/@sapphire%2fshapeshift set size:undefined disposed:false
153 http fetch GET 200 https://registry.npmjs.org/ws 502ms (cache miss)
154 silly packumentCache full:https://registry.npmjs.org/ws set size:undefined disposed:false
155 http fetch GET 200 https://registry.npmjs.org/@vladfrangu%2fasync_event_emitter 153ms (cache miss)
156 silly packumentCache full:https://registry.npmjs.org/@vladfrangu%2fasync_event_emitter set size:undefined disposed:false
157 http fetch GET 200 https://registry.npmjs.org/@vladfrangu%2fasync_event_emitter 558ms (cache miss)
158 silly packumentCache full:https://registry.npmjs.org/@vladfrangu%2fasync_event_emitter set size:undefined disposed:false
159 http fetch GET 200 https://registry.npmjs.org/@sapphire%2fasync-queue 879ms (cache miss)
160 silly packumentCache full:https://registry.npmjs.org/@sapphire%2fasync-queue set size:undefined disposed:false
161 http fetch GET 200 https://registry.npmjs.org/@sapphire%2fasync-queue 2101ms (cache miss)
162 silly packumentCache full:https://registry.npmjs.org/@sapphire%2fasync-queue set size:undefined disposed:false
163 silly placeDep node_modules/@discordjs/builders @discordjs/formatters@0.6.2 OK for: @discordjs/builders@1.13.1 want: ^0.6.2
164 silly placeDep ROOT @sapphire/shapeshift@4.0.0 OK for: @discordjs/builders@1.13.1 want: ^4.0.0
165 silly placeDep node_modules/@discordjs/builders discord-api-types@0.38.42 OK for: @discordjs/builders@1.13.1 want: ^0.38.33
166 silly placeDep ROOT ts-mixer@6.0.4 OK for: @discordjs/builders@1.13.1 want: ^6.0.4
167 silly fetch manifest lodash@^4.17.21
168 silly packumentCache full:https://registry.npmjs.org/lodash cache-miss
169 http fetch GET 200 https://registry.npmjs.org/lodash 249ms (cache miss)
170 silly packumentCache full:https://registry.npmjs.org/lodash set size:undefined disposed:false
171 silly placeDep node_modules/@discordjs/formatters discord-api-types@0.37.97 OK for: @discordjs/formatters@0.5.0 want: 0.37.97
172 silly placeDep node_modules/@discordjs/rest @discordjs/collection@2.1.1 OK for: @discordjs/rest@2.6.0 want: ^2.1.1
173 silly placeDep ROOT @sapphire/async-queue@1.5.5 OK for: @discordjs/rest@2.6.0 want: ^1.5.3
174 silly placeDep ROOT @vladfrangu/async_event_emitter@2.4.7 OK for: @discordjs/rest@2.6.0 want: ^2.4.6
175 silly placeDep node_modules/@discordjs/rest discord-api-types@0.38.42 OK for: @discordjs/rest@2.6.0 want: ^0.38.16
176 silly placeDep ROOT magic-bytes.js@1.13.0 OK for: @discordjs/rest@2.6.0 want: ^1.10.0
177 silly placeDep node_modules/@discordjs/rest undici@6.21.3 OK for: @discordjs/rest@2.6.0 want: 6.21.3
178 silly placeDep node_modules/@discordjs/util discord-api-types@0.38.42 OK for: @discordjs/util@1.2.0 want: ^0.38.33
179 silly fetch manifest bufferutil@^4.0.1
180 silly packumentCache full:https://registry.npmjs.org/bufferutil cache-miss
181 http fetch GET 200 https://registry.npmjs.org/bufferutil 94ms (cache miss)
182 silly packumentCache full:https://registry.npmjs.org/bufferutil set size:undefined disposed:false
183 silly fetch manifest utf-8-validate@>=5.0.2
184 silly packumentCache full:https://registry.npmjs.org/utf-8-validate cache-miss
185 http fetch GET 200 https://registry.npmjs.org/utf-8-validate 94ms (cache miss)
186 silly packumentCache full:https://registry.npmjs.org/utf-8-validate set size:undefined disposed:false
187 silly placeDep node_modules/@discordjs/ws @discordjs/collection@2.1.1 OK for: @discordjs/ws@1.1.1 want: ^2.1.0
188 silly placeDep ROOT @types/ws@8.18.1 OK for: @discordjs/ws@1.1.1 want: ^8.5.10
189 silly placeDep node_modules/@discordjs/ws discord-api-types@0.37.83 OK for: @discordjs/ws@1.1.1 want: 0.37.83
190 silly placeDep ROOT ws@8.19.0 OK for: @discordjs/ws@1.1.1 want: ^8.16.0
191 silly fetch manifest @types/node@*
192 silly packumentCache full:https://registry.npmjs.org/@types%2fnode cache-miss
193 http fetch GET 200 https://registry.npmjs.org/@types%2fnode 1054ms (cache miss)
194 silly packumentCache full:https://registry.npmjs.org/@types%2fnode set size:undefined disposed:false
195 silly placeDep ROOT lodash@4.17.23 OK for: @sapphire/shapeshift@4.0.0 want: ^4.17.21
196 silly placeDep ROOT @types/node@25.5.0 OK for: @types/ws@8.18.1 want: *
197 silly fetch manifest undici-types@~7.18.0
198 silly packumentCache full:https://registry.npmjs.org/undici-types cache-miss
199 http fetch GET 200 https://registry.npmjs.org/undici-types 77ms (cache miss)
200 silly packumentCache full:https://registry.npmjs.org/undici-types set size:undefined disposed:false
201 silly placeDep ROOT undici-types@7.18.2 OK for: @types/node@25.5.0 want: ~7.18.0
202 silly reify moves {}
203 silly audit bulk request {
203 silly audit   accepts: [ '1.3.8' ],
203 silly audit   'array-flatten': [ '1.1.1' ],
203 silly audit   'body-parser': [ '1.20.4' ],
203 silly audit   bytes: [ '3.1.2' ],
203 silly audit   'call-bind-apply-helpers': [ '1.0.2' ],
203 silly audit   'call-bound': [ '1.0.4' ],
203 silly audit   'connect-pg-simple': [ '9.0.1' ],
203 silly audit   'content-disposition': [ '0.5.4' ],
203 silly audit   'content-type': [ '1.0.5' ],
203 silly audit   cookie: [ '0.7.2' ],
203 silly audit   'cookie-signature': [ '1.0.7' ],
203 silly audit   cors: [ '2.8.6' ],
203 silly audit   debug: [ '2.6.9' ],
203 silly audit   depd: [ '2.0.0' ],
203 silly audit   destroy: [ '1.2.0' ],
203 silly audit   dotenv: [ '16.6.1' ],
203 silly audit   'dunder-proto': [ '1.0.1' ],
203 silly audit   'ee-first': [ '1.1.1' ],
203 silly audit   encodeurl: [ '2.0.0' ],
203 silly audit   'es-define-property': [ '1.0.1' ],
203 silly audit   'es-errors': [ '1.3.0' ],
203 silly audit   'es-object-atoms': [ '1.1.1' ],
203 silly audit   'escape-html': [ '1.0.3' ],
203 silly audit   etag: [ '1.8.1' ],
203 silly audit   express: [ '4.22.1' ],
203 silly audit   'express-session': [ '1.19.0' ],
203 silly audit   finalhandler: [ '1.3.2' ],
203 silly audit   forwarded: [ '0.2.0' ],
203 silly audit   fresh: [ '0.5.2' ],
203 silly audit   'function-bind': [ '1.1.2' ],
203 silly audit   'get-intrinsic': [ '1.3.0' ],
203 silly audit   'get-proto': [ '1.0.1' ],
203 silly audit   gopd: [ '1.2.0' ],
203 silly audit   'has-symbols': [ '1.1.0' ],
203 silly audit   hasown: [ '2.0.2' ],
203 silly audit   'http-errors': [ '2.0.1' ],
203 silly audit   'iconv-lite': [ '0.4.24' ],
203 silly audit   inherits: [ '2.0.4' ],
203 silly audit   'ipaddr.js': [ '1.9.1' ],
203 silly audit   'math-intrinsics': [ '1.1.0' ],
203 silly audit   'media-typer': [ '0.3.0' ],
203 silly audit   'merge-descriptors': [ '1.0.3' ],
203 silly audit   methods: [ '1.1.2' ],
203 silly audit   mime: [ '1.6.0' ],
203 silly audit   'mime-db': [ '1.52.0' ],
203 silly audit   'mime-types': [ '2.1.35' ],
203 silly audit   ms: [ '2.0.0', '2.1.3' ],
203 silly audit   negotiator: [ '0.6.3' ],
203 silly audit   'object-assign': [ '4.1.1' ],
203 silly audit   'object-inspect': [ '1.13.4' ],
203 silly audit   'on-finished': [ '2.4.1' ],
203 silly audit   'on-headers': [ '1.1.0' ],
203 silly audit   parseurl: [ '1.3.3' ],
203 silly audit   'path-to-regexp': [ '0.1.12' ],
203 silly audit   pg: [ '8.20.0' ],
203 silly audit   'pg-cloudflare': [ '1.3.0' ],
203 silly audit   'pg-connection-string': [ '2.12.0' ],
203 silly audit   'pg-int8': [ '1.0.1' ],
203 silly audit   'pg-pool': [ '3.13.0' ],
203 silly audit   'pg-protocol': [ '1.13.0' ],
203 silly audit   'pg-types': [ '2.2.0' ],
203 silly audit   pgpass: [ '1.0.5' ],
203 silly audit   'postgres-array': [ '2.0.0' ],
203 silly audit   'postgres-bytea': [ '1.0.1' ],
203 silly audit   'postgres-date': [ '1.0.7' ],
203 silly audit   'postgres-interval': [ '1.2.0' ],
203 silly audit   'proxy-addr': [ '2.0.7' ],
203 silly audit   qs: [ '6.14.2' ],
203 silly audit   'random-bytes': [ '1.0.0' ],
203 silly audit   'range-parser': [ '1.2.1' ],
203 silly audit   'raw-body': [ '2.5.3' ],
203 silly audit   'safe-buffer': [ '5.2.1' ],
203 silly audit   'safer-buffer': [ '2.1.2' ],
203 silly audit   send: [ '0.19.2' ],
203 silly audit   'serve-static': [ '1.16.3' ],
203 silly audit   setprototypeof: [ '1.2.0' ],
203 silly audit   'side-channel': [ '1.1.0' ],
203 silly audit   'side-channel-list': [ '1.0.0' ],
203 silly audit   'side-channel-map': [ '1.0.1' ],
203 silly audit   'side-channel-weakmap': [ '1.0.2' ],
203 silly audit   split2: [ '4.2.0' ],
203 silly audit   statuses: [ '2.0.2' ],
203 silly audit   toidentifier: [ '1.0.1' ],
203 silly audit   'type-is': [ '1.6.18' ],
203 silly audit   'uid-safe': [ '2.1.5' ],
203 silly audit   unpipe: [ '1.0.0' ],
203 silly audit   'utils-merge': [ '1.0.1' ],
203 silly audit   vary: [ '1.1.2' ],
203 silly audit   xtend: [ '4.0.2' ],
203 silly audit   'discord.js': [ '14.16.3' ],
203 silly audit   '@discordjs/builders': [ '1.13.1' ],
203 silly audit   '@discordjs/collection': [ '1.5.3', '2.1.1' ],
203 silly audit   '@discordjs/formatters': [ '0.5.0', '0.6.2' ],
203 silly audit   '@discordjs/rest': [ '2.6.0' ],
203 silly audit   '@discordjs/util': [ '1.2.0' ],
203 silly audit   '@discordjs/ws': [ '1.1.1' ],
203 silly audit   '@sapphire/snowflake': [ '3.5.3' ],
203 silly audit   'discord-api-types': [ '0.37.100', '0.38.42', '0.37.97', '0.37.83' ],
203 silly audit   'fast-deep-equal': [ '3.1.3' ],
203 silly audit   'lodash.snakecase': [ '4.1.1' ],
203 silly audit   tslib: [ '2.8.1' ],
203 silly audit   undici: [ '6.19.8', '6.21.3' ],
203 silly audit   '@sapphire/shapeshift': [ '4.0.0' ],
203 silly audit   'ts-mixer': [ '6.0.4' ],
203 silly audit   '@sapphire/async-queue': [ '1.5.5' ],
203 silly audit   '@vladfrangu/async_event_emitter': [ '2.4.7' ],
203 silly audit   'magic-bytes.js': [ '1.13.0' ],
203 silly audit   '@types/ws': [ '8.18.1' ],
203 silly audit   ws: [ '8.19.0' ],
203 silly audit   lodash: [ '4.17.23' ],
203 silly audit   '@types/node': [ '25.5.0' ],
203 silly audit   'undici-types': [ '7.18.2' ]
203 silly audit }
204 http cache @types/node@https://registry.npmjs.org/@types/node/-/node-25.5.0.tgz 0ms (cache hit)
205 http cache @vladfrangu/async_event_emitter@https://registry.npmjs.org/@vladfrangu/async_event_emitter/-/async_event_emitter-2.4.7.tgz 0ms (cache hit)
206 http cache undici-types@https://registry.npmjs.org/undici-types/-/undici-types-7.18.2.tgz 0ms (cache hit)
207 http cache @types/ws@https://registry.npmjs.org/@types/ws/-/ws-8.18.1.tgz 0ms (cache hit)
208 http cache lodash@https://registry.npmjs.org/lodash/-/lodash-4.17.23.tgz 0ms (cache hit)
209 http cache ws@https://registry.npmjs.org/ws/-/ws-8.19.0.tgz 0ms (cache hit)
210 http cache magic-bytes.js@https://registry.npmjs.org/magic-bytes.js/-/magic-bytes.js-1.13.0.tgz 0ms (cache hit)
211 http cache ts-mixer@https://registry.npmjs.org/ts-mixer/-/ts-mixer-6.0.4.tgz 0ms (cache hit)
212 http cache undici@https://registry.npmjs.org/undici/-/undici-6.19.8.tgz 0ms (cache hit)
213 http cache @sapphire/shapeshift@https://registry.npmjs.org/@sapphire/shapeshift/-/shapeshift-4.0.0.tgz 0ms (cache hit)
214 http cache @sapphire/async-queue@https://registry.npmjs.org/@sapphire/async-queue/-/async-queue-1.5.5.tgz 0ms (cache hit)
215 http cache lodash.snakecase@https://registry.npmjs.org/lodash.snakecase/-/lodash.snakecase-4.1.1.tgz 0ms (cache hit)
216 http cache tslib@https://registry.npmjs.org/tslib/-/tslib-2.8.1.tgz 0ms (cache hit)
217 http cache @sapphire/snowflake@https://registry.npmjs.org/@sapphire/snowflake/-/snowflake-3.5.3.tgz 0ms (cache hit)
218 http cache fast-deep-equal@https://registry.npmjs.org/fast-deep-equal/-/fast-deep-equal-3.1.3.tgz 0ms (cache hit)
219 http cache @discordjs/rest@https://registry.npmjs.org/@discordjs/rest/-/rest-2.6.0.tgz 0ms (cache hit)
220 http cache discord-api-types@https://registry.npmjs.org/discord-api-types/-/discord-api-types-0.37.100.tgz 0ms (cache hit)
221 http cache @discordjs/ws@https://registry.npmjs.org/@discordjs/ws/-/ws-1.1.1.tgz 0ms (cache hit)
222 http cache @discordjs/formatters@https://registry.npmjs.org/@discordjs/formatters/-/formatters-0.5.0.tgz 0ms (cache hit)
223 http cache discord.js@https://registry.npmjs.org/discord.js/-/discord.js-14.16.3.tgz 0ms (cache hit)
224 http cache discord-api-types@https://registry.npmjs.org/discord-api-types/-/discord-api-types-0.37.83.tgz 0ms (cache hit)
225 http cache @discordjs/util@https://registry.npmjs.org/@discordjs/util/-/util-1.2.0.tgz 0ms (cache hit)
226 http cache @discordjs/builders@https://registry.npmjs.org/@discordjs/builders/-/builders-1.13.1.tgz 0ms (cache hit)
227 http cache @discordjs/collection@https://registry.npmjs.org/@discordjs/collection/-/collection-1.5.3.tgz 0ms (cache hit)
228 http cache discord-api-types@https://registry.npmjs.org/discord-api-types/-/discord-api-types-0.38.42.tgz 0ms (cache hit)
229 http cache undici@https://registry.npmjs.org/undici/-/undici-6.21.3.tgz 0ms (cache hit)
230 http cache discord-api-types@https://registry.npmjs.org/discord-api-types/-/discord-api-types-0.38.42.tgz 0ms (cache hit)
231 http cache discord-api-types@https://registry.npmjs.org/discord-api-types/-/discord-api-types-0.37.97.tgz 0ms (cache hit)
232 http cache @discordjs/collection@https://registry.npmjs.org/@discordjs/collection/-/collection-2.1.1.tgz 0ms (cache hit)
233 http cache @discordjs/collection@https://registry.npmjs.org/@discordjs/collection/-/collection-2.1.1.tgz 0ms (cache hit)
234 http cache discord-api-types@https://registry.npmjs.org/discord-api-types/-/discord-api-types-0.38.42.tgz 0ms (cache hit)
235 silly tarball no local data for @types/node@https://registry.npmjs.org/@types/node/-/node-25.5.0.tgz. Extracting by manifest.
236 http cache @discordjs/formatters@https://registry.npmjs.org/@discordjs/formatters/-/formatters-0.6.2.tgz 0ms (cache hit)
237 silly tarball no local data for @vladfrangu/async_event_emitter@https://registry.npmjs.org/@vladfrangu/async_event_emitter/-/async_event_emitter-2.4.7.tgz. Extracting by manifest.
238 silly tarball no local data for undici-types@https://registry.npmjs.org/undici-types/-/undici-types-7.18.2.tgz. Extracting by manifest.
239 silly tarball no local data for @types/ws@https://registry.npmjs.org/@types/ws/-/ws-8.18.1.tgz. Extracting by manifest.
240 silly tarball no local data for lodash@https://registry.npmjs.org/lodash/-/lodash-4.17.23.tgz. Extracting by manifest.
241 silly tarball no local data for ws@https://registry.npmjs.org/ws/-/ws-8.19.0.tgz. Extracting by manifest.
242 silly tarball no local data for magic-bytes.js@https://registry.npmjs.org/magic-bytes.js/-/magic-bytes.js-1.13.0.tgz. Extracting by manifest.
243 silly tarball no local data for ts-mixer@https://registry.npmjs.org/ts-mixer/-/ts-mixer-6.0.4.tgz. Extracting by manifest.
244 silly tarball no local data for undici@https://registry.npmjs.org/undici/-/undici-6.19.8.tgz. Extracting by manifest.
245 silly tarball no local data for @sapphire/shapeshift@https://registry.npmjs.org/@sapphire/shapeshift/-/shapeshift-4.0.0.tgz. Extracting by manifest.
246 silly tarball no local data for @sapphire/async-queue@https://registry.npmjs.org/@sapphire/async-queue/-/async-queue-1.5.5.tgz. Extracting by manifest.
247 silly tarball no local data for lodash.snakecase@https://registry.npmjs.org/lodash.snakecase/-/lodash.snakecase-4.1.1.tgz. Extracting by manifest.
248 silly tarball no local data for tslib@https://registry.npmjs.org/tslib/-/tslib-2.8.1.tgz. Extracting by manifest.
249 silly tarball no local data for @sapphire/snowflake@https://registry.npmjs.org/@sapphire/snowflake/-/snowflake-3.5.3.tgz. Extracting by manifest.
250 silly tarball no local data for fast-deep-equal@https://registry.npmjs.org/fast-deep-equal/-/fast-deep-equal-3.1.3.tgz. Extracting by manifest.
251 silly tarball no local data for @discordjs/rest@https://registry.npmjs.org/@discordjs/rest/-/rest-2.6.0.tgz. Extracting by manifest.
252 silly tarball no local data for discord-api-types@https://registry.npmjs.org/discord-api-types/-/discord-api-types-0.37.100.tgz. Extracting by manifest.
253 silly tarball no local data for @discordjs/ws@https://registry.npmjs.org/@discordjs/ws/-/ws-1.1.1.tgz. Extracting by manifest.
254 silly tarball no local data for @discordjs/formatters@https://registry.npmjs.org/@discordjs/formatters/-/formatters-0.5.0.tgz. Extracting by manifest.
255 silly tarball no local data for discord.js@https://registry.npmjs.org/discord.js/-/discord.js-14.16.3.tgz. Extracting by manifest.
256 silly tarball no local data for discord-api-types@https://registry.npmjs.org/discord-api-types/-/discord-api-types-0.37.83.tgz. Extracting by manifest.
257 silly tarball no local data for @discordjs/util@https://registry.npmjs.org/@discordjs/util/-/util-1.2.0.tgz. Extracting by manifest.
258 silly tarball no local data for @discordjs/builders@https://registry.npmjs.org/@discordjs/builders/-/builders-1.13.1.tgz. Extracting by manifest.
259 silly tarball no local data for @discordjs/collection@https://registry.npmjs.org/@discordjs/collection/-/collection-1.5.3.tgz. Extracting by manifest.
260 silly tarball no local data for discord-api-types@https://registry.npmjs.org/discord-api-types/-/discord-api-types-0.38.42.tgz. Extracting by manifest.
261 silly tarball no local data for undici@https://registry.npmjs.org/undici/-/undici-6.21.3.tgz. Extracting by manifest.
262 silly tarball no local data for discord-api-types@https://registry.npmjs.org/discord-api-types/-/discord-api-types-0.38.42.tgz. Extracting by manifest.
263 silly tarball no local data for discord-api-types@https://registry.npmjs.org/discord-api-types/-/discord-api-types-0.37.97.tgz. Extracting by manifest.
264 silly tarball no local data for @discordjs/collection@https://registry.npmjs.org/@discordjs/collection/-/collection-2.1.1.tgz. Extracting by manifest.
265 silly tarball no local data for @discordjs/collection@https://registry.npmjs.org/@discordjs/collection/-/collection-2.1.1.tgz. Extracting by manifest.
266 silly tarball no local data for discord-api-types@https://registry.npmjs.org/discord-api-types/-/discord-api-types-0.38.42.tgz. Extracting by manifest.
267 silly tarball no local data for @discordjs/formatters@https://registry.npmjs.org/@discordjs/formatters/-/formatters-0.6.2.tgz. Extracting by manifest.
268 http fetch GET 200 https://registry.npmjs.org/@types/ws/-/ws-8.18.1.tgz 144ms (cache miss)
269 http fetch GET 200 https://registry.npmjs.org/magic-bytes.js/-/magic-bytes.js-1.13.0.tgz 162ms (cache miss)
270 http fetch POST 200 https://registry.npmjs.org/-/npm/v1/security/advisories/bulk 264ms
271 silly audit report {
271 silly audit report   undici: [
271 silly audit report     {
271 silly audit report       id: 1101609,
271 silly audit report       url: 'https://github.com/advisories/GHSA-c76h-2ccp-4975',
271 silly audit report       title: 'Use of Insufficiently Random Values in undici',
271 silly audit report       severity: 'moderate',
271 silly audit report       vulnerable_versions: '>=6.0.0 <6.21.1',
271 silly audit report       cwe: [Array],
271 silly audit report       cvss: [Object]
271 silly audit report     },
271 silly audit report     {
271 silly audit report       id: 1112496,
271 silly audit report       url: 'https://github.com/advisories/GHSA-g9mf-h72j-4rw9',
271 silly audit report       title: 'Undici has an unbounded decompression chain in HTTP responses on Node.js Fetch API via Content-Encoding leads to resource exhaustion',
271 silly audit report       severity: 'moderate',
271 silly audit report       vulnerable_versions: '<6.23.0',
271 silly audit report       cwe: [Array],
271 silly audit report       cvss: [Object]
271 silly audit report     },
271 silly audit report     {
271 silly audit report       id: 1113068,
271 silly audit report       url: 'https://github.com/advisories/GHSA-cxrh-j4jr-qwg3',
271 silly audit report       title: 'undici Denial of Service attack via bad certificate data',
271 silly audit report       severity: 'low',
271 silly audit report       vulnerable_versions: '>=6.0.0 <6.21.2',
271 silly audit report       cwe: [Array],
271 silly audit report       cvss: [Object]
271 silly audit report     },
271 silly audit report     {
271 silly audit report       id: 1114592,
271 silly audit report       url: 'https://github.com/advisories/GHSA-f269-vfmq-vjvj',
271 silly audit report       title: 'Undici: Malicious WebSocket 64-bit length overflows parser and crashes the client',
271 silly audit report       severity: 'high',
271 silly audit report       vulnerable_versions: '>=6.0.0 <6.24.0',
271 silly audit report       cwe: [Array],
271 silly audit report       cvss: [Object]
271 silly audit report     },
271 silly audit report     {
271 silly audit report       id: 1114594,
271 silly audit report       url: 'https://github.com/advisories/GHSA-2mjp-6q6p-2qxm',
271 silly audit report       title: 'Undici has an HTTP Request/Response Smuggling issue',
271 silly audit report       severity: 'moderate',
271 silly audit report       vulnerable_versions: '<6.24.0',
271 silly audit report       cwe: [Array],
271 silly audit report       cvss: [Object]
271 silly audit report     },
271 silly audit report     {
271 silly audit report       id: 1114638,
271 silly audit report       url: 'https://github.com/advisories/GHSA-vrm6-8vpv-qv8q',
271 silly audit report       title: 'Undici has Unbounded Memory Consumption in WebSocket permessage-deflate Decompression',
271 silly audit report       severity: 'high',
271 silly audit report       vulnerable_versions: '<6.24.0',
271 silly audit report       cwe: [Array],
271 silly audit report       cvss: [Object]
271 silly audit report     },
271 silly audit report     {
271 silly audit report       id: 1114640,
271 silly audit report       url: 'https://github.com/advisories/GHSA-v9p9-hfj2-hcw8',
271 silly audit report       title: 'Undici has Unhandled Exception in WebSocket Client Due to Invalid server_max_window_bits Validation',
271 silly audit report       severity: 'high',
271 silly audit report       vulnerable_versions: '<6.24.0',
271 silly audit report       cwe: [Array],
271 silly audit report       cvss: [Object]
271 silly audit report     },
271 silly audit report     {
271 silly audit report       id: 1114642,
271 silly audit report       url: 'https://github.com/advisories/GHSA-4992-7rv2-5pvq',
271 silly audit report       title: 'Undici has CRLF Injection in undici via `upgrade` option',
271 silly audit report       severity: 'moderate',
271 silly audit report       vulnerable_versions: '<6.24.0',
271 silly audit report       cwe: [Array],
271 silly audit report       cvss: [Object]
271 silly audit report     }
271 silly audit report   ]
271 silly audit report }
272 silly packumentCache corgi:https://registry.npmjs.org/undici cache-miss
273 http fetch GET 200 https://registry.npmjs.org/ts-mixer/-/ts-mixer-6.0.4.tgz 239ms (cache miss)
274 http fetch GET 200 https://registry.npmjs.org/fast-deep-equal/-/fast-deep-equal-3.1.3.tgz 252ms (cache miss)
275 http fetch GET 200 https://registry.npmjs.org/ws/-/ws-8.19.0.tgz 263ms (cache miss)
276 http fetch GET 200 https://registry.npmjs.org/lodash.snakecase/-/lodash.snakecase-4.1.1.tgz 264ms (cache miss)
277 http fetch GET 200 https://registry.npmjs.org/undici-types/-/undici-types-7.18.2.tgz 285ms (cache miss)
278 http fetch GET 200 https://registry.npmjs.org/@sapphire/async-queue/-/async-queue-1.5.5.tgz 331ms (cache miss)
279 http fetch GET 200 https://registry.npmjs.org/tslib/-/tslib-2.8.1.tgz 371ms (cache miss)
280 http fetch GET 200 https://registry.npmjs.org/@discordjs/util/-/util-1.2.0.tgz 448ms (cache miss)
281 http fetch GET 200 https://registry.npmjs.org/@sapphire/snowflake/-/snowflake-3.5.3.tgz 460ms (cache miss)
282 http fetch GET 200 https://registry.npmjs.org/@discordjs/collection/-/collection-1.5.3.tgz 652ms (cache miss)
283 http fetch GET 200 https://registry.npmjs.org/@discordjs/formatters/-/formatters-0.5.0.tgz 732ms (cache miss)
284 http fetch GET 200 https://registry.npmjs.org/@discordjs/rest/-/rest-2.6.0.tgz 1363ms (cache miss)
285 http fetch GET 200 https://registry.npmjs.org/@sapphire/shapeshift/-/shapeshift-4.0.0.tgz 1469ms (cache miss)
286 http fetch GET 200 https://registry.npmjs.org/@discordjs/builders/-/builders-1.13.1.tgz 1465ms (cache miss)
287 http fetch GET 200 https://registry.npmjs.org/@discordjs/ws/-/ws-1.1.1.tgz 1570ms (cache miss)
288 http fetch GET 200 https://registry.npmjs.org/@discordjs/collection/-/collection-2.1.1.tgz 1610ms (cache miss)
289 http fetch GET 200 https://registry.npmjs.org/undici/-/undici-6.19.8.tgz 1753ms (cache miss)
290 http fetch GET 200 https://registry.npmjs.org/@vladfrangu/async_event_emitter/-/async_event_emitter-2.4.7.tgz 1860ms (cache miss)
291 http fetch GET 200 https://registry.npmjs.org/@discordjs/collection/-/collection-2.1.1.tgz 1851ms (cache miss)
292 http fetch GET 200 https://registry.npmjs.org/@discordjs/formatters/-/formatters-0.6.2.tgz 1912ms (cache miss)
293 http fetch GET 200 https://registry.npmjs.org/undici 2245ms (cache miss)
294 silly packumentCache corgi:https://registry.npmjs.org/undici set size:undefined disposed:false
295 silly packumentCache corgi:https://registry.npmjs.org/discord.js cache-miss
296 http fetch GET 200 https://registry.npmjs.org/undici/-/undici-6.21.3.tgz 2928ms (cache miss)
297 http fetch GET 200 https://registry.npmjs.org/lodash/-/lodash-4.17.23.tgz 2948ms (cache miss)
298 http fetch GET 200 https://registry.npmjs.org/@types/node/-/node-25.5.0.tgz 3068ms (cache miss)
299 http fetch GET 200 https://registry.npmjs.org/discord.js/-/discord.js-14.16.3.tgz 3650ms (cache miss)
300 http fetch GET 200 https://registry.npmjs.org/discord-api-types/-/discord-api-types-0.37.100.tgz 4202ms (cache miss)
301 http fetch GET 200 https://registry.npmjs.org/discord-api-types/-/discord-api-types-0.37.83.tgz 4464ms (cache miss)
302 http fetch GET 200 https://registry.npmjs.org/discord-api-types/-/discord-api-types-0.37.97.tgz 4933ms (cache miss)
303 http fetch GET 200 https://registry.npmjs.org/discord-api-types/-/discord-api-types-0.38.42.tgz 5179ms (cache miss)
304 http fetch GET 200 https://registry.npmjs.org/discord-api-types/-/discord-api-types-0.38.42.tgz 5684ms (cache miss)
305 http fetch GET 200 https://registry.npmjs.org/discord-api-types/-/discord-api-types-0.38.42.tgz 6085ms (cache miss)
306 http fetch GET 200 https://registry.npmjs.org/discord.js 6270ms (cache miss)
307 silly packumentCache corgi:https://registry.npmjs.org/discord.js set size:undefined disposed:false
308 silly packumentCache corgi:https://registry.npmjs.org/@discordjs%2frest cache-miss
309 http fetch GET 200 https://registry.npmjs.org/@discordjs%2frest 2153ms (cache miss)
310 silly packumentCache corgi:https://registry.npmjs.org/@discordjs%2frest set size:undefined disposed:false
311 silly packumentCache corgi:https://registry.npmjs.org/@discordjs%2fws cache-miss
312 http fetch GET 200 https://registry.npmjs.org/@discordjs%2fws 3853ms (cache miss)
313 silly packumentCache corgi:https://registry.npmjs.org/@discordjs%2fws set size:undefined disposed:false
314 silly ADD node_modules/undici-types
315 silly ADD node_modules/@types/node
316 silly ADD node_modules/lodash
317 silly ADD node_modules/ws
318 silly ADD node_modules/@types/ws
319 silly ADD node_modules/magic-bytes.js
320 silly ADD node_modules/@vladfrangu/async_event_emitter
321 silly ADD node_modules/@sapphire/async-queue
322 silly ADD node_modules/ts-mixer
323 silly ADD node_modules/@sapphire/shapeshift
324 silly ADD node_modules/undici
325 silly ADD node_modules/tslib
326 silly ADD node_modules/lodash.snakecase
327 silly ADD node_modules/fast-deep-equal
328 silly ADD node_modules/discord-api-types
329 silly ADD node_modules/@sapphire/snowflake
330 silly ADD node_modules/@discordjs/ws
331 silly ADD node_modules/@discordjs/ws/node_modules/discord-api-types
332 silly ADD node_modules/@discordjs/ws/node_modules/@discordjs/collection
333 silly ADD node_modules/@discordjs/util
334 silly ADD node_modules/@discordjs/util/node_modules/discord-api-types
335 silly ADD node_modules/@discordjs/rest
336 silly ADD node_modules/@discordjs/rest/node_modules/undici
337 silly ADD node_modules/@discordjs/rest/node_modules/discord-api-types
338 silly ADD node_modules/@discordjs/rest/node_modules/@discordjs/collection
339 silly ADD node_modules/@discordjs/formatters
340 silly ADD node_modules/@discordjs/formatters/node_modules/discord-api-types
341 silly ADD node_modules/@discordjs/collection
342 silly ADD node_modules/@discordjs/builders
343 silly ADD node_modules/@discordjs/builders/node_modules/discord-api-types
344 silly ADD node_modules/@discordjs/builders/node_modules/@discordjs/formatters
345 silly ADD node_modules/discord.js
346 verbose cwd C:\Users\guiil\Desktop\whitelist\apps\api
347 verbose os Windows_NT 10.0.26200
348 verbose node v24.11.1
349 verbose npm  v11.6.2
350 verbose exit 0
351 info ok
